[1;36m04/19/00 14:13:23 Wed Dragon     ÑøÁËÒ»Ö»½Ğ [±´±´] µÄ ¡â Ğ¡¼¦ [0m
[1;31m04/19/00 14:14:20 Wed Dragon     µÄĞ¡¼¦ [±´±´] [1;31m±»ºİĞÄ¶ªÆú:~~[0m[m
[1;36m04/19/00 14:19:49 Wed Dragon     ÑøÁËÒ»Ö»½Ğ [±´±´] µÄ ¡â Ğ¡¼¦ [0m
[1;37m04/19/00 14:26:20 Wed deardragon µÄĞ¡¼¦ [¿ñ¿Í] Âú 7 ËêÁË [0m
[1;31m04/19/00 14:31:01 Wed Dragon     µÄĞ¡¼¦ [±´±´] [1;31m²¡ËÀÁËÀ² :~~[m  [m
[1;33m04/19/00 14:31:05 Wed Dragon     µÄĞ¡¼¦ [±´±´¶ş´ú] ¸´»îÁË£¡[m
[1;31m04/19/00 14:34:32 Wed Dragon     µÄĞ¡¼¦ [±´±´] [1;31mÎØ¡«¶öËÀÁË[m  [m
[1;37m04/19/00 15:14:37 Wed deardragon µÄĞ¡¼¦ [¿ñ¿Í] Âú 8 ËêÁË [0m
[1;37m04/19/00 15:45:56 Wed deardragon µÄĞ¡¼¦ [¿ñ¿Í] Âú 9 ËêÁË [0m
[1;31m04/19/00 15:49:11 Wed deardragon µÄĞ¡¼¦ [¿ñ¿Í] [1;31mÕ½¶·ÖĞ±»´òËÀÁË...[m  [m
[1;33m04/19/00 15:49:15 Wed deardragon µÄĞ¡¼¦ [¿ñ¿Í¶ş´ú] ¸´»îÁË£¡[m
[1;31m04/19/00 15:51:27 Wed deardragon µÄĞ¡¼¦ [¿ñ¿Í] [1;31mÕ½¶·ÖĞ±»´òËÀÁË...[m  [m
[1;36m04/19/00 15:51:32 Wed deardragon ÑøÁËÒ»Ö»½Ğ [±´±´] µÄ ¡â Ğ¡¼¦ [0m
[1;37m04/19/00 18:11:14 Wed deardragon µÄĞ¡¼¦ [¿ñ¿Í] Âú 10 ËêÁË [0m
[1;31m04/19/00 18:21:02 Wed deardragon µÄĞ¡¼¦ [¿ñ¿Í] [1;31mÕ½¶·ÖĞ±»´òËÀÁË...[m  [m
[1;33m04/19/00 18:21:07 Wed deardragon µÄĞ¡¼¦ [¿ñ¿Í¶ş´ú] ¸´»îÁË£¡[m
[1;31m04/19/00 18:22:12 Wed deardragon µÄĞ¡¼¦ [¿ñ¿Í] [1;31mÕ½¶·ÖĞ±»´òËÀÁË...[m  [m
[1;36m04/19/00 23:23:04 Wed fyh        ÑøÁËÒ»Ö»½Ğ [±´±´] µÄ ¡á Ğ¡¼¦ [0m
[1;36m04/20/00 13:50:28 Thu deardragon ÑøÁËÒ»Ö»½Ğ [±´±´] µÄ ¡â Ğ¡¼¦ [0m
[1;33m04/20/00 21:42:28 Thu longxiao   µÄĞ¡¼¦ [Ğ¡»İ¶ş´ú] ¸´»îÁË£¡[m
[1;31m04/20/00 21:43:51 Thu longxiao   µÄĞ¡¼¦ [Ğ¡»İ] [1;31mÎØ¡«¶öËÀÁË[m  [m
[1;33m04/20/00 21:43:56 Thu longxiao   µÄĞ¡¼¦ [Ğ¡»İ¶ş´ú] ¸´»îÁË£¡[m
[1;31m04/20/00 21:46:01 Thu longxiao   µÄĞ¡¼¦ [Ğ¡»İ] [1;31mÎØ¡«¶öËÀÁË[m  [m
[1;33m04/20/00 21:46:04 Thu longxiao   µÄĞ¡¼¦ [Ğ¡»İ¶ş´ú] ¸´»îÁË£¡[m
[1;31m04/20/00 21:47:07 Thu longxiao   µÄĞ¡¼¦ [Ğ¡»İ] [1;31mÎØ¡«¶öËÀÁË[m  [m
[1;33m04/20/00 21:47:10 Thu longxiao   µÄĞ¡¼¦ [Ğ¡»İ¶ş´ú] ¸´»îÁË£¡[m
[1;31m04/20/00 21:48:30 Thu longxiao   µÄĞ¡¼¦ [Ğ¡»İ] [1;31mÎØ¡«¶öËÀÁË[m  [m
[1;36m04/20/00 21:48:40 Thu longxiao   ÑøÁËÒ»Ö»½Ğ [±´±´] µÄ ¡â Ğ¡¼¦ [0m
